#
# There is insufficient memory for the Java Runtime Environment to continue.
# Native memory allocation (mmap) failed to map 125829120 bytes. Error detail: G1 virtual space
# Possible reasons:
#   The system is out of physical RAM or swap space
#   This process is running with CompressedOops enabled, and the Java Heap may be blocking the growth of the native heap
# Possible solutions:
#   Reduce memory load on the system
#   Increase physical memory or swap space
#   Check if swap backing store is full
#   Decrease Java heap size (-Xmx/-Xms)
#   Decrease number of Java threads
#   Decrease Java thread stack sizes (-Xss)
#   Set larger code cache with -XX:ReservedCodeCacheSize=
#   JVM is running with Unscaled Compressed Oops mode in which the Java heap is
#     placed in the first 4GB address space. The Java Heap base address is the
#     maximum limit for the native heap growth. Please use -XX:HeapBaseMinAddress
#     to set the Java Heap base and to place the Java Heap above 4GB virtual address.
# This output file may be truncated or incomplete.
#
#  Out of Memory Error (os_windows.cpp:3614), pid=9444, tid=6172
#
# JRE version:  (17.0.13+11) (build )
# Java VM: OpenJDK 64-Bit Server VM (17.0.13+11-LTS, mixed mode, sharing, tiered, compressed oops, compressed class ptrs, g1 gc, windows-amd64)
# No core dump will be written. Minidumps are not enabled by default on client versions of Windows
#

---------------  S U M M A R Y ------------

Command Line: -Dnet.bytebuddy.agent.attacher.dump= net.bytebuddy.agent.Attacher com.sun.tools.attach.VirtualMachine 27752 C:\Users\Mohamed Fenina\.m2\repository\net\bytebuddy\byte-buddy-agent\1.15.11\byte-buddy-agent-1.15.11.jar false 

Host: AMD Ryzen 5 4600H with Radeon Graphics         , 12 cores, 7G,  Windows 11 , 64 bit Build 26100 (10.0.26100.3323)
Time: Thu Apr 10 22:35:35 2025 Paris, Madrid elapsed time: 0.019687 seconds (0d 0h 0m 0s)

---------------  T H R E A D  ---------------

Current thread (0x0000021d1b4f4da0):  JavaThread "Unknown thread" [_thread_in_vm, id=6172, stack(0x0000003f42700000,0x0000003f42800000)]

Stack: [0x0000003f42700000,0x0000003f42800000]
Native frames: (J=compiled Java code, j=interpreted, Vv=VM code, C=native code)
V  [jvm.dll+0x680c19]
V  [jvm.dll+0x83888a]
V  [jvm.dll+0x83a34e]
V  [jvm.dll+0x83a9b3]
V  [jvm.dll+0x2481af]
V  [jvm.dll+0x67d959]
V  [jvm.dll+0x67242a]
V  [jvm.dll+0x30813b]
V  [jvm.dll+0x30f626]
V  [jvm.dll+0x35f94e]
V  [jvm.dll+0x35fb8f]
V  [jvm.dll+0x2df0ec]
V  [jvm.dll+0x2e0044]
V  [jvm.dll+0x80a04b]
V  [jvm.dll+0x36d6c1]
V  [jvm.dll+0x7e8975]
V  [jvm.dll+0x3f109f]
V  [jvm.dll+0x3f2c11]
C  [jli.dll+0x52ab]
C  [ucrtbase.dll+0x37b0]
C  [KERNEL32.DLL+0x2e8d7]
C  [ntdll.dll+0xbbf6c]


---------------  P R O C E S S  ---------------

Threads class SMR info:
_java_thread_list=0x00007ffdd5978f58, length=0, elements={
}

Java Threads: ( => current thread )

Other Threads:
  0x0000021d1b54f770 GCTaskThread "GC Thread#0" [stack: 0x0000003f42800000,0x0000003f42900000] [id=21412]
  0x0000021d1b55f5a0 ConcurrentGCThread "G1 Main Marker" [stack: 0x0000003f42900000,0x0000003f42a00000] [id=21020]
  0x0000021d1b5619e0 ConcurrentGCThread "G1 Conc#0" [stack: 0x0000003f42a00000,0x0000003f42b00000] [id=3248]

[error occurred during error reporting (printing all threads), id 0xc0000005, EXCEPTION_ACCESS_VIOLATION (0xc0000005) at pc=0x00007ffdd512f827]

VM state: not at safepoint (not fully initialized)

VM Mutex/Monitor currently owned by a thread:  ([mutex/lock_event])
[0x0000021d1b4f37d0] Heap_lock - owner thread: 0x0000021d1b4f4da0

Heap address: 0x0000000089400000, size: 1900 MB, Compressed Oops mode: 32-bit

CDS archive(s) mapped at: [0x0000000000000000-0x0000000000000000-0x0000000000000000), size 0, SharedBaseAddress: 0x0000000800000000, ArchiveRelocationMode: 1.
Narrow klass base: 0x0000000000000000, Narrow klass shift: 0, Narrow klass range: 0x0

GC Precious Log:
<Empty>

Heap:
 garbage-first heap   total 0K, used 0K [0x0000000089400000, 0x0000000100000000)
  region size 1024K, 0 young (0K), 0 survivors (0K)

[error occurred during error reporting (printing heap information), id 0xc0000005, EXCEPTION_ACCESS_VIOLATION (0xc0000005) at pc=0x00007ffdd5519e69]

GC Heap History (0 events):
No events

Dll operation events (1 events):
Event: 0.014 Loaded shared library C:\Users\Mohamed Fenina\.jdks\corretto-17.0.13\bin\java.dll

Deoptimization events (0 events):
No events

Classes loaded (0 events):
No events

Classes unloaded (0 events):
No events

Classes redefined (0 events):
No events

Internal exceptions (0 events):
No events

VM Operations (0 events):
No events

Memory protections (0 events):
No events

Nmethod flushes (0 events):
No events

Events (0 events):
No events


Dynamic libraries:
0x00007ff6bbea0000 - 0x00007ff6bbeae000 	C:\Users\Mohamed Fenina\.jdks\corretto-17.0.13\bin\java.exe
0x00007ffe67e60000 - 0x00007ffe680c3000 	C:\WINDOWS\SYSTEM32\ntdll.dll
0x00007ffe665d0000 - 0x00007ffe66697000 	C:\WINDOWS\System32\KERNEL32.DLL
0x00007ffe65730000 - 0x00007ffe65af9000 	C:\WINDOWS\System32\KERNELBASE.dll
0x00007ffe65260000 - 0x00007ffe653ac000 	C:\WINDOWS\System32\ucrtbase.dll
0x00007ffe534f0000 - 0x00007ffe5350b000 	C:\Users\Mohamed Fenina\.jdks\corretto-17.0.13\bin\VCRUNTIME140.dll
0x00007ffe5f4f0000 - 0x00007ffe5f507000 	C:\Users\Mohamed Fenina\.jdks\corretto-17.0.13\bin\jli.dll
0x00007ffe66c80000 - 0x00007ffe66e4a000 	C:\WINDOWS\System32\USER32.dll
0x00007ffe529f0000 - 0x00007ffe52c80000 	C:\WINDOWS\WinSxS\amd64_microsoft.windows.common-controls_6595b64144ccf1df_6.0.26100.3323_none_3e088096e3344490\COMCTL32.dll
0x00007ffe653b0000 - 0x00007ffe653d7000 	C:\WINDOWS\System32\win32u.dll
0x00007ffe673b0000 - 0x00007ffe673da000 	C:\WINDOWS\System32\GDI32.dll
0x00007ffe669f0000 - 0x00007ffe66a99000 	C:\WINDOWS\System32\msvcrt.dll
0x00007ffe653e0000 - 0x00007ffe65511000 	C:\WINDOWS\System32\gdi32full.dll
0x00007ffe65680000 - 0x00007ffe65723000 	C:\WINDOWS\System32\msvcp_win.dll
0x00007ffe65da0000 - 0x00007ffe65dcf000 	C:\WINDOWS\System32\IMM32.DLL
0x00007ffe61ff0000 - 0x00007ffe61ffc000 	C:\Users\Mohamed Fenina\.jdks\corretto-17.0.13\bin\vcruntime140_1.dll
0x00007ffde9490000 - 0x00007ffde951d000 	C:\Users\Mohamed Fenina\.jdks\corretto-17.0.13\bin\msvcp140.dll
0x00007ffdd4e40000 - 0x00007ffdd5aac000 	C:\Users\Mohamed Fenina\.jdks\corretto-17.0.13\bin\server\jvm.dll
0x00007ffe672e0000 - 0x00007ffe67392000 	C:\WINDOWS\System32\ADVAPI32.dll
0x00007ffe666a0000 - 0x00007ffe66746000 	C:\WINDOWS\System32\sechost.dll
0x00007ffe65ef0000 - 0x00007ffe66006000 	C:\WINDOWS\System32\RPCRT4.dll
0x00007ffe663f0000 - 0x00007ffe66464000 	C:\WINDOWS\System32\WS2_32.dll
0x00007ffe64ef0000 - 0x00007ffe64f3e000 	C:\WINDOWS\SYSTEM32\POWRPROF.dll
0x00007ffe5d8d0000 - 0x00007ffe5d8db000 	C:\WINDOWS\SYSTEM32\VERSION.dll
0x00007ffe5d890000 - 0x00007ffe5d8c6000 	C:\WINDOWS\SYSTEM32\WINMM.dll
0x00007ffe64ed0000 - 0x00007ffe64ee4000 	C:\WINDOWS\SYSTEM32\UMPDC.dll
0x00007ffe63e50000 - 0x00007ffe63e6a000 	C:\WINDOWS\SYSTEM32\kernel.appcore.dll
0x00007ffe534e0000 - 0x00007ffe534ea000 	C:\Users\Mohamed Fenina\.jdks\corretto-17.0.13\bin\jimage.dll
0x00007ffe587a0000 - 0x00007ffe589e1000 	C:\WINDOWS\SYSTEM32\DBGHELP.DLL
0x00007ffe66060000 - 0x00007ffe663e2000 	C:\WINDOWS\System32\combase.dll
0x00007ffe65cb0000 - 0x00007ffe65d86000 	C:\WINDOWS\System32\OLEAUT32.dll
0x00007ffe3f1d0000 - 0x00007ffe3f209000 	C:\WINDOWS\SYSTEM32\dbgcore.DLL
0x00007ffe655e0000 - 0x00007ffe65679000 	C:\WINDOWS\System32\bcryptPrimitives.dll
0x00007ffe522a0000 - 0x00007ffe522c5000 	C:\Users\Mohamed Fenina\.jdks\corretto-17.0.13\bin\java.dll

dbghelp: loaded successfully - version: 4.0.5 - missing functions: none
symbol engine: initialized successfully - sym options: 0x614 - pdb path: .;C:\Users\Mohamed Fenina\.jdks\corretto-17.0.13\bin;C:\WINDOWS\SYSTEM32;C:\WINDOWS\WinSxS\amd64_microsoft.windows.common-controls_6595b64144ccf1df_6.0.26100.3323_none_3e088096e3344490;C:\Users\Mohamed Fenina\.jdks\corretto-17.0.13\bin\server

VM Arguments:
jvm_args: -Dnet.bytebuddy.agent.attacher.dump= 
java_command: net.bytebuddy.agent.Attacher com.sun.tools.attach.VirtualMachine 27752 C:\Users\Mohamed Fenina\.m2\repository\net\bytebuddy\byte-buddy-agent\1.15.11\byte-buddy-agent-1.15.11.jar false 
java_class_path (initial): C:\Users\Mohamed Fenina\.m2\repository\net\bytebuddy\byte-buddy-agent\1.15.11\byte-buddy-agent-1.15.11.jar
Launcher Type: SUN_STANDARD

[Global flags]
     intx CICompilerCount                          = 4                                         {product} {ergonomic}
     uint ConcGCThreads                            = 3                                         {product} {ergonomic}
     uint G1ConcRefinementThreads                  = 10                                        {product} {ergonomic}
   size_t G1HeapRegionSize                         = 1048576                                   {product} {ergonomic}
    uintx GCDrainStackTargetSize                   = 64                                        {product} {ergonomic}
   size_t InitialHeapSize                          = 125829120                                 {product} {ergonomic}
   size_t MarkStackSize                            = 4194304                                   {product} {ergonomic}
   size_t MaxHeapSize                              = 1992294400                                {product} {ergonomic}
   size_t MinHeapDeltaBytes                        = 1048576                                   {product} {ergonomic}
   size_t MinHeapSize                              = 8388608                                   {product} {ergonomic}
    uintx NonNMethodCodeHeapSize                   = 5839372                                {pd product} {ergonomic}
    uintx NonProfiledCodeHeapSize                  = 122909434                              {pd product} {ergonomic}
    uintx ProfiledCodeHeapSize                     = 122909434                              {pd product} {ergonomic}
    uintx ReservedCodeCacheSize                    = 251658240                              {pd product} {ergonomic}
     bool SegmentedCodeCache                       = true                                      {product} {ergonomic}
   size_t SoftMaxHeapSize                          = 1992294400                             {manageable} {ergonomic}
     bool UseCompressedClassPointers               = true                           {product lp64_product} {ergonomic}
     bool UseCompressedOops                        = true                           {product lp64_product} {ergonomic}
     bool UseG1GC                                  = true                                      {product} {ergonomic}
     bool UseLargePagesIndividualAllocation        = false                                  {pd product} {ergonomic}

Logging:
Log output configuration:
 #0: stdout all=warning uptime,level,tags
 #1: stderr all=off uptime,level,tags

Environment Variables:
JAVA_HOME=C:\Program Files\Java\jdk1.8.0_60\javac.exe
PATH=C:\Program Files\PostgreSQL\14\bin;C:\Program Files\PostgreSQL\14\bin;C:\Program Files\PostgreSQL\14\bin;C:\oraclexe\app\oracle\product\10.2.0\server\bin;C:\Program Files (x86)\VMware\VMware Workstation\bin\;C:\oraclexe\app\oracle\product\11.2.0\server\bin;C:\wamp64\bin\php\php8.1.0;C:\Program Files\Git\cmd;C:\Program Files\NVIDIA Corporation\NVIDIA NvDLISR;C:\Program Files\Microsoft SQL Server\Client SDK\ODBC\170\Tools\Binn\;C:\Program Files\dotnet\;C:\Program Files (x86)\Microsoft SQL Server\160\Tools\Binn\;C:\Program Files\Microsoft SQL Server\160\Tools\Binn\;C:\Program Files\Microsoft SQL Server\160\DTS\Binn\;C:\Program Files\Microsoft SQL Server\150\Tools\Binn\;C:\Program Files\nodejs\;C:\WINDOWS\system32;C:\WINDOWS;C:\WINDOWS\System32\Wbem;C:\WINDOWS\System32\WindowsPowerShell\v1.0\;C:\WINDOWS\System32\OpenSSH\;C:\Program Files\Docker\Docker\resources\bin;C:\Users\Mohamed Fenina\AppData\Local\Microsoft\WindowsApps;C:\Users\Mohamed Fenina\AppData\Local\Programs\Microsoft VS Code\bin;C:\Users\Mohamed Fenina\AppData\Roaming\Composer\vendor\bin;C:\Users\Mohamed Fenina\AppData\Local\GitHubDesktop\bin;C:\Program Files\MongoDB\Server\4.0\bin;C:\Program Files\JetBrains\IntelliJ IDEA 2024.3.1\bin;C:\Users\Mohamed Fenina\.dotnet\tools;C:\Users\Mohamed Fenina\AppData\Roaming\npm;C:\PostgreSQL\bin;C:\PostgreSQL\bin;C:\Users\Mohamed Fenina\AppData\Local\Microsoft\WindowsApps;C:\Users\Mohamed Fenina\AppData\Local\Programs\Microsoft VS Code\bin;C:\Users\Mohamed Fenina\AppData\Roaming\Composer\vendor\bin;C:\Users\Mohamed Fenina\AppData\Local\GitHubDesktop\bin;C:\Program Files\MongoDB\Server\4.0\bin;;C:\Program Files\JetBrains\IntelliJ IDEA 2024.3.1\bin;;C:\Users\Mohamed Fenina\.dotnet\tools;C:\Users\Mohamed Fenina\AppData\Roaming\npm
USERNAME=Mohamed Fenina
OS=Windows_NT
PROCESSOR_IDENTIFIER=AMD64 Family 23 Model 96 Stepping 1, AuthenticAMD
TMP=C:\Users\MOHAME~1\AppData\Local\Temp
TEMP=C:\Users\MOHAME~1\AppData\Local\Temp



Periodic native trim disabled


---------------  S Y S T E M  ---------------

OS:
 Windows 11 , 64 bit Build 26100 (10.0.26100.3323)
OS uptime: 0 days 20:07 hours
Hyper-V role detected

CPU: total 12 (initial active 12) (12 cores per cpu, 2 threads per core) family 23 model 96 stepping 1 microcode 0x8600106, cx8, cmov, fxsr, ht, mmx, 3dnowpref, sse, sse2, sse3, ssse3, sse4a, sse4.1, sse4.2, popcnt, lzcnt, tsc, tscinvbit, avx, avx2, aes, clmul, bmi1, bmi2, adx, sha, fma, vzeroupper, clflush, clflushopt, hv
Processor Information for all 12 processors :
  Max Mhz: 3001, Current Mhz: 3001, Mhz Limit: 3001

Memory: 4k page, system-wide physical 7597M (377M free)
TotalPageFile size 24279M (AvailPageFile size 90M)
current process WorkingSet (physical memory assigned to process): 12M, peak: 12M
current process commit charge ("private bytes"): 64M, peak: 184M

vm_info: OpenJDK 64-Bit Server VM (17.0.13+11-LTS) for windows-amd64 JRE (17.0.13+11-LTS), built on Oct 10 2024 19:51:30 by "Administrator" with MS VC++ 16.10 / 16.11 (VS2019)

END.
